# JRE version: OpenJDK Runtime Environment Temurin-21.0.9+10 (21.0.9+10) (build 21.0.9+10-LTS)
# Java VM: OpenJDK 64-Bit Server VM Temurin-21.0.9+10 (21.0.9+10-LTS, mixed mode, sharing, tiered, compressed oops, compressed class ptrs, parallel gc, windows-amd64)
GC Precious Log:
 CardTable entry size: 512
 CPUs: 6 total, 6 available
 Memory: 7600M
 Large Page Support: Disabled
 NUMA Support: Disabled
 Compressed Oops: Enabled (32-bit)
 Alignments: Space 512K, Generation 512K, Heap 2M
 Heap Min Capacity: 100M
 Heap Initial Capacity: 100M
 Heap Max Capacity: 2G
 Pre-touch: Disabled
 Parallel Workers: 6
Heap:
 PSYoungGen      total 3072K, used 483K [0x00000000d5580000, 0x00000000d5900000, 0x0000000100000000)
  eden space 2048K, 8% used [0x00000000d5580000,0x00000000d55a8f68,0x00000000d5780000)
  from space 1024K, 31% used [0x00000000d5780000,0x00000000d57d0030,0x00000000d5880000)
  to   space 512K, 0% used [0x00000000d5880000,0x00000000d5880000,0x00000000d5900000)
 ParOldGen       total 362496K, used 362286K [0x0000000080000000, 0x0000000096200000, 0x00000000d5580000)
  object space 362496K, 99% used [0x0000000080000000,0x00000000961cba00,0x0000000096200000)
 Metaspace       used 64792K, committed 66304K, reserved 1114112K
  class space    used 6754K, committed 7424K, reserved 1048576K
GC Heap History (20 events):
Event: 208.296 GC heap before
{Heap before GC invocations=516 (full 5):
 PSYoungGen      total 2560K, used 2107K [0x00000000d5580000, 0x00000000d5980000, 0x0000000100000000)
  eden space 1024K, 100% used [0x00000000d5580000,0x00000000d5680000,0x00000000d5680000)
  from space 1536K, 70% used [0x00000000d5800000,0x00000000d590ef70,0x00000000d5980000)
  to   space 1536K, 74% used [0x00000000d5680000,0x00000000d579d000,0x00000000d5800000)
 ParOldGen       total 340480K, used 340178K [0x0000000080000000, 0x0000000094c80000, 0x00000000d5580000)
  object space 340480K, 99% used [0x0000000080000000,0x0000000094c34908,0x0000000094c80000)
 Metaspace       used 63848K, committed 65344K, reserved 1114112K
  class space    used 6655K, committed 7296K, reserved 1048576K
}
Event: 208.593 GC heap after
{Heap after GC invocations=516 (full 5):
 PSYoungGen      total 2560K, used 0K [0x00000000d5580000, 0x00000000d5980000, 0x0000000100000000)
  eden space 1024K, 0% used [0x00000000d5580000,0x00000000d5580000,0x00000000d5680000)
  from space 1536K, 0% used [0x00000000d5680000,0x00000000d5680000,0x00000000d5800000)
  to   space 1536K, 0% used [0x00000000d5800000,0x00000000d5800000,0x00000000d5980000)
 ParOldGen       total 340480K, used 321927K [0x0000000080000000, 0x0000000094c80000, 0x00000000d5580000)
  object space 340480K, 94% used [0x0000000080000000,0x0000000093a61eb8,0x0000000094c80000)
 Metaspace       used 63848K, committed 65344K, reserved 1114112K
  class space    used 6655K, committed 7296K, reserved 1048576K
}
Event: 208.941 GC heap before
{Heap before GC invocations=517 (full 5):
 PSYoungGen      total 2560K, used 979K [0x00000000d5580000, 0x00000000d5980000, 0x0000000100000000)
  eden space 1024K, 95% used [0x00000000d5580000,0x00000000d5674e78,0x00000000d5680000)
  from space 1536K, 0% used [0x00000000d5680000,0x00000000d5680000,0x00000000d5800000)
  to   space 1536K, 0% used [0x00000000d5800000,0x00000000d5800000,0x00000000d5980000)
 ParOldGen       total 340480K, used 321927K [0x0000000080000000, 0x0000000094c80000, 0x00000000d5580000)
  object space 340480K, 94% used [0x0000000080000000,0x0000000093a61eb8,0x0000000094c80000)
 Metaspace       used 63852K, committed 65344K, reserved 1114112K
  class space    used 6655K, committed 7296K, reserved 1048576K
}
Event: 208.943 GC heap after
{Heap after GC invocations=517 (full 5):
 PSYoungGen      total 2048K, used 832K [0x00000000d5580000, 0x00000000d5900000, 0x0000000100000000)
  eden space 1024K, 0% used [0x00000000d5580000,0x00000000d5580000,0x00000000d5680000)
  from space 1024K, 81% used [0x00000000d5800000,0x00000000d58d0000,0x00000000d5900000)
  to   space 1024K, 0% used [0x00000000d5700000,0x00000000d5700000,0x00000000d5800000)
 ParOldGen       total 340480K, used 321927K [0x0000000080000000, 0x0000000094c80000, 0x00000000d5580000)
  object space 340480K, 94% used [0x0000000080000000,0x0000000093a61eb8,0x0000000094c80000)
 Metaspace       used 63852K, committed 65344K, reserved 1114112K
  class space    used 6655K, committed 7296K, reserved 1048576K
}
Event: 208.992 GC heap before
{Heap before GC invocations=518 (full 5):
 PSYoungGen      total 2048K, used 1856K [0x00000000d5580000, 0x00000000d5900000, 0x0000000100000000)
  eden space 1024K, 100% used [0x00000000d5580000,0x00000000d5680000,0x00000000d5680000)
  from space 1024K, 81% used [0x00000000d5800000,0x00000000d58d0000,0x00000000d5900000)
  to   space 1024K, 0% used [0x00000000d5700000,0x00000000d5700000,0x00000000d5800000)
 ParOldGen       total 340480K, used 321927K [0x0000000080000000, 0x0000000094c80000, 0x00000000d5580000)
  object space 340480K, 94% used [0x0000000080000000,0x0000000093a61eb8,0x0000000094c80000)
 Metaspace       used 63852K, committed 65344K, reserved 1114112K
  class space    used 6655K, committed 7296K, reserved 1048576K
}
Event: 208.996 GC heap after
{Heap after GC invocations=518 (full 5):
 PSYoungGen      total 2048K, used 672K [0x00000000d5580000, 0x00000000d5880000, 0x0000000100000000)
  eden space 1024K, 0% used [0x00000000d5580000,0x00000000d5580000,0x00000000d5680000)
  from space 1024K, 65% used [0x00000000d5700000,0x00000000d57a8000,0x00000000d5800000)
  to   space 512K, 0% used [0x00000000d5800000,0x00000000d5800000,0x00000000d5880000)
 ParOldGen       total 340480K, used 322647K [0x0000000080000000, 0x0000000094c80000, 0x00000000d5580000)
  object space 340480K, 94% used [0x0000000080000000,0x0000000093b15eb8,0x0000000094c80000)
 Metaspace       used 63852K, committed 65344K, reserved 1114112K
  class space    used 6655K, committed 7296K, reserved 1048576K
}
Event: 209.040 GC heap before
{Heap before GC invocations=519 (full 5):
 PSYoungGen      total 2048K, used 1695K [0x00000000d5580000, 0x00000000d5880000, 0x0000000100000000)
  eden space 1024K, 99% used [0x00000000d5580000,0x00000000d567fe88,0x00000000d5680000)
  from space 1024K, 65% used [0x00000000d5700000,0x00000000d57a8000,0x00000000d5800000)
  to   space 512K, 0% used [0x00000000d5800000,0x00000000d5800000,0x00000000d5880000)
 ParOldGen       total 340480K, used 322647K [0x0000000080000000, 0x0000000094c80000, 0x00000000d5580000)
  object space 340480K, 94% used [0x0000000080000000,0x0000000093b15eb8,0x0000000094c80000)
 Metaspace       used 63852K, committed 65344K, reserved 1114112K
  class space    used 6655K, committed 7296K, reserved 1048576K
}
Event: 209.043 GC heap after
{Heap after GC invocations=519 (full 5):
 PSYoungGen      total 1536K, used 512K [0x00000000d5580000, 0x00000000d5980000, 0x0000000100000000)
  eden space 1024K, 0% used [0x00000000d5580000,0x00000000d5580000,0x00000000d5680000)
  from space 512K, 100% used [0x00000000d5800000,0x00000000d5880000,0x00000000d5880000)
  to   space 1536K, 0% used [0x00000000d5680000,0x00000000d5680000,0x00000000d5800000)
 ParOldGen       total 340480K, used 323439K [0x0000000080000000, 0x0000000094c80000, 0x00000000d5580000)
  object space 340480K, 94% used [0x0000000080000000,0x0000000093bdbeb8,0x0000000094c80000)
 Metaspace       used 63852K, committed 65344K, reserved 1114112K
  class space    used 6655K, committed 7296K, reserved 1048576K
}
Event: 209.091 GC heap before
{Heap before GC invocations=520 (full 5):
 PSYoungGen      total 1536K, used 1536K [0x00000000d5580000, 0x00000000d5980000, 0x0000000100000000)
  eden space 1024K, 100% used [0x00000000d5580000,0x00000000d5680000,0x00000000d5680000)
  from space 512K, 100% used [0x00000000d5800000,0x00000000d5880000,0x00000000d5880000)
  to   space 1536K, 0% used [0x00000000d5680000,0x00000000d5680000,0x00000000d5800000)
 ParOldGen       total 340480K, used 323439K [0x0000000080000000, 0x0000000094c80000, 0x00000000d5580000)
  object space 340480K, 94% used [0x0000000080000000,0x0000000093bdbeb8,0x0000000094c80000)
 Metaspace       used 63852K, committed 65344K, reserved 1114112K
  class space    used 6655K, committed 7296K, reserved 1048576K
}
Event: 209.094 GC heap after
{Heap after GC invocations=520 (full 5):
 PSYoungGen      total 2048K, used 640K [0x00000000d5580000, 0x00000000d5880000, 0x0000000100000000)
  eden space 1024K, 0% used [0x00000000d5580000,0x00000000d5580000,0x00000000d5680000)
  from space 1024K, 62% used [0x00000000d5680000,0x00000000d5720000,0x00000000d5780000)
  to   space 1024K, 0% used [0x00000000d5780000,0x00000000d5780000,0x00000000d5880000)
 ParOldGen       total 340480K, used 323895K [0x0000000080000000, 0x0000000094c80000, 0x00000000d5580000)
  object space 340480K, 95% used [0x0000000080000000,0x0000000093c4deb8,0x0000000094c80000)
 Metaspace       used 63852K, committed 65344K, reserved 1114112K
  class space    used 6655K, committed 7296K, reserved 1048576K
}
Event: 209.490 GC heap before
{Heap before GC invocations=521 (full 5):
 PSYoungGen      total 2048K, used 1664K [0x00000000d5580000, 0x00000000d5880000, 0x0000000100000000)
  eden space 1024K, 100% used [0x00000000d5580000,0x00000000d5680000,0x00000000d5680000)
  from space 1024K, 62% used [0x00000000d5680000,0x00000000d5720000,0x00000000d5780000)
  to   space 1024K, 0% used [0x00000000d5780000,0x00000000d5780000,0x00000000d5880000)
 ParOldGen       total 340480K, used 323895K [0x0000000080000000, 0x0000000094c80000, 0x00000000d5580000)
  object space 340480K, 95% used [0x0000000080000000,0x0000000093c4deb8,0x0000000094c80000)
 Metaspace       used 63852K, committed 65344K, reserved 1114112K
  class space    used 6655K, committed 7296K, reserved 1048576K
}
Event: 209.493 GC heap after
{Heap after GC invocations=521 (full 5):
 PSYoungGen      total 2048K, used 864K [0x00000000d5580000, 0x00000000d5880000, 0x0000000100000000)
  eden space 1024K, 0% used [0x00000000d5580000,0x00000000d5580000,0x00000000d5680000)
  from space 1024K, 84% used [0x00000000d5780000,0x00000000d5858000,0x00000000d5880000)
  to   space 1024K, 0% used [0x00000000d5680000,0x00000000d5680000,0x00000000d5780000)
 ParOldGen       total 340480K, used 324503K [0x0000000080000000, 0x0000000094c80000, 0x00000000d5580000)
  object space 340480K, 95% used [0x0000000080000000,0x0000000093ce5eb8,0x0000000094c80000)
 Metaspace       used 63852K, committed 65344K, reserved 1114112K
  class space    used 6655K, committed 7296K, reserved 1048576K
}
Event: 209.522 GC heap before
{Heap before GC invocations=522 (full 5):
 PSYoungGen      total 2048K, used 1879K [0x00000000d5580000, 0x00000000d5880000, 0x0000000100000000)
  eden space 1024K, 99% used [0x00000000d5580000,0x00000000d567df38,0x00000000d5680000)
  from space 1024K, 84% used [0x00000000d5780000,0x00000000d5858000,0x00000000d5880000)
  to   space 1024K, 0% used [0x00000000d5680000,0x00000000d5680000,0x00000000d5780000)
 ParOldGen       total 340480K, used 324503K [0x0000000080000000, 0x0000000094c80000, 0x00000000d5580000)
  object space 340480K, 95% used [0x0000000080000000,0x0000000093ce5eb8,0x0000000094c80000)
 Metaspace       used 63852K, committed 65344K, reserved 1114112K
  class space    used 6655K, committed 7296K, reserved 1048576K
}
Event: 209.525 GC heap after
{Heap after GC invocations=522 (full 5):
 PSYoungGen      total 2048K, used 864K [0x00000000d5580000, 0x00000000d5880000, 0x0000000100000000)
  eden space 1024K, 0% used [0x00000000d5580000,0x00000000d5580000,0x00000000d5680000)
  from space 1024K, 84% used [0x00000000d5680000,0x00000000d5758000,0x00000000d5780000)
  to   space 1024K, 0% used [0x00000000d5780000,0x00000000d5780000,0x00000000d5880000)
 ParOldGen       total 340480K, used 325311K [0x0000000080000000, 0x0000000094c80000, 0x00000000d5580000)
  object space 340480K, 95% used [0x0000000080000000,0x0000000093dafeb8,0x0000000094c80000)
 Metaspace       used 63852K, committed 65344K, reserved 1114112K
  class space    used 6655K, committed 7296K, reserved 1048576K
}
Event: 210.910 GC heap before
{Heap before GC invocations=523 (full 5):
 PSYoungGen      total 2048K, used 1888K [0x00000000d5580000, 0x00000000d5880000, 0x0000000100000000)
  eden space 1024K, 100% used [0x00000000d5580000,0x00000000d5680000,0x00000000d5680000)
  from space 1024K, 84% used [0x00000000d5680000,0x00000000d5758000,0x00000000d5780000)
  to   space 1024K, 0% used [0x00000000d5780000,0x00000000d5780000,0x00000000d5880000)
 ParOldGen       total 340480K, used 325311K [0x0000000080000000, 0x0000000094c80000, 0x00000000d5580000)
  object space 340480K, 95% used [0x0000000080000000,0x0000000093dafeb8,0x0000000094c80000)
 Metaspace       used 63852K, committed 65344K, reserved 1114112K
  class space    used 6655K, committed 7296K, reserved 1048576K
}
Event: 210.914 GC heap after
{Heap after GC invocations=523 (full 5):
 PSYoungGen      total 2048K, used 960K [0x00000000d5580000, 0x00000000d5880000, 0x0000000100000000)
  eden space 1024K, 0% used [0x00000000d5580000,0x00000000d5580000,0x00000000d5680000)
  from space 1024K, 93% used [0x00000000d5780000,0x00000000d5870000,0x00000000d5880000)
  to   space 1024K, 0% used [0x00000000d5680000,0x00000000d5680000,0x00000000d5780000)
 ParOldGen       total 340480K, used 326135K [0x0000000080000000, 0x0000000094c80000, 0x00000000d5580000)
  object space 340480K, 95% used [0x0000000080000000,0x0000000093e7deb8,0x0000000094c80000)
 Metaspace       used 63852K, committed 65344K, reserved 1114112K
  class space    used 6655K, committed 7296K, reserved 1048576K
}
Event: 210.975 GC heap before
{Heap before GC invocations=524 (full 5):
 PSYoungGen      total 2048K, used 1984K [0x00000000d5580000, 0x00000000d5880000, 0x0000000100000000)
  eden space 1024K, 100% used [0x00000000d5580000,0x00000000d5680000,0x00000000d5680000)
  from space 1024K, 93% used [0x00000000d5780000,0x00000000d5870000,0x00000000d5880000)
  to   space 1024K, 0% used [0x00000000d5680000,0x00000000d5680000,0x00000000d5780000)
 ParOldGen       total 340480K, used 326135K [0x0000000080000000, 0x0000000094c80000, 0x00000000d5580000)
  object space 340480K, 95% used [0x0000000080000000,0x0000000093e7deb8,0x0000000094c80000)
 Metaspace       used 63852K, committed 65344K, reserved 1114112K
  class space    used 6655K, committed 7296K, reserved 1048576K
}
Event: 210.978 GC heap after
{Heap after GC invocations=524 (full 5):
 PSYoungGen      total 2048K, used 864K [0x00000000d5580000, 0x00000000d5880000, 0x0000000100000000)
  eden space 1024K, 0% used [0x00000000d5580000,0x00000000d5580000,0x00000000d5680000)
  from space 1024K, 84% used [0x00000000d5680000,0x00000000d5758000,0x00000000d5780000)
  to   space 1024K, 0% used [0x00000000d5780000,0x00000000d5780000,0x00000000d5880000)
 ParOldGen       total 340480K, used 327031K [0x0000000080000000, 0x0000000094c80000, 0x00000000d5580000)
  object space 340480K, 96% used [0x0000000080000000,0x0000000093f5deb8,0x0000000094c80000)
 Metaspace       used 63852K, committed 65344K, reserved 1114112K
  class space    used 6655K, committed 7296K, reserved 1048576K
}
Event: 211.550 GC heap before
{Heap before GC invocations=525 (full 5):
 PSYoungGen      total 2048K, used 1873K [0x00000000d5580000, 0x00000000d5880000, 0x0000000100000000)
  eden space 1024K, 98% used [0x00000000d5580000,0x00000000d567c408,0x00000000d5680000)
  from space 1024K, 84% used [0x00000000d5680000,0x00000000d5758000,0x00000000d5780000)
  to   space 1024K, 0% used [0x00000000d5780000,0x00000000d5780000,0x00000000d5880000)
 ParOldGen       total 340480K, used 327031K [0x0000000080000000, 0x0000000094c80000, 0x00000000d5580000)
  object space 340480K, 96% used [0x0000000080000000,0x0000000093f5deb8,0x0000000094c80000)
 Metaspace       used 63881K, committed 65408K, reserved 1114112K
  class space    used 6658K, committed 7296K, reserved 1048576K
}
Event: 211.553 GC heap after
{Heap after GC invocations=525 (full 5):
 PSYoungGen      total 2048K, used 480K [0x00000000d5580000, 0x00000000d5880000, 0x0000000100000000)
  eden space 1024K, 0% used [0x00000000d5580000,0x00000000d5580000,0x00000000d5680000)
  from space 1024K, 46% used [0x00000000d5780000,0x00000000d57f8000,0x00000000d5880000)
  to   space 1024K, 0% used [0x00000000d5680000,0x00000000d5680000,0x00000000d5780000)
 ParOldGen       total 340480K, used 327823K [0x0000000080000000, 0x0000000094c80000, 0x00000000d5580000)
  object space 340480K, 96% used [0x0000000080000000,0x0000000094023eb8,0x0000000094c80000)
 Metaspace       used 63881K, committed 65408K, reserved 1114112K
  class space    used 6658K, committed 7296K, reserved 1048576K
}

