# JRE version: OpenJDK Runtime Environment Temurin-21.0.9+10 (21.0.9+10) (build 21.0.9+10-LTS)
# Java VM: OpenJDK 64-Bit Server VM Temurin-21.0.9+10 (21.0.9+10-LTS, mixed mode, sharing, tiered, compressed oops, compressed class ptrs, parallel gc, windows-amd64)
GC Precious Log:
 CardTable entry size: 512
 CPUs: 6 total, 6 available
 Memory: 7600M
 Large Page Support: Disabled
 NUMA Support: Disabled
 Compressed Oops: Enabled (32-bit)
 Alignments: Space 512K, Generation 512K, Heap 2M
 Heap Min Capacity: 100M
 Heap Initial Capacity: 100M
 Heap Max Capacity: 2G
 Pre-touch: Disabled
 Parallel Workers: 6
Heap:
 PSYoungGen      total 3584K, used 3034K [0x00000000d5580000, 0x00000000d5d00000, 0x0000000100000000)
  eden space 3072K, 92% used [0x00000000d5580000,0x00000000d5846a28,0x00000000d5880000)
  from space 512K, 37% used [0x00000000d5c00000,0x00000000d5c30000,0x00000000d5c80000)
  to   space 512K, 0% used [0x00000000d5c80000,0x00000000d5c80000,0x00000000d5d00000)
 ParOldGen       total 857088K, used 492455K [0x0000000080000000, 0x00000000b4500000, 0x00000000d5580000)
  object space 857088K, 57% used [0x0000000080000000,0x000000009e0e9dd8,0x00000000b4500000)
 Metaspace       used 91879K, committed 93760K, reserved 1179648K
  class space    used 9387K, committed 10240K, reserved 1048576K
GC Heap History (20 events):
Event: 2484.558 GC heap before
{Heap before GC invocations=1887 (full 5):
 PSYoungGen      total 6656K, used 6496K [0x00000000d5580000, 0x00000000d5d80000, 0x0000000100000000)
  eden space 6144K, 100% used [0x00000000d5580000,0x00000000d5b80000,0x00000000d5b80000)
  from space 512K, 68% used [0x00000000d5c80000,0x00000000d5cd8000,0x00000000d5d00000)
  to   space 512K, 0% used [0x00000000d5d00000,0x00000000d5d00000,0x00000000d5d80000)
 ParOldGen       total 857088K, used 486681K [0x0000000080000000, 0x00000000b4500000, 0x00000000d5580000)
  object space 857088K, 56% used [0x0000000080000000,0x000000009db46468,0x00000000b4500000)
 Metaspace       used 91688K, committed 93568K, reserved 1179648K
  class space    used 9355K, committed 10176K, reserved 1048576K
}
Event: 2484.719 GC heap after
{Heap after GC invocations=1887 (full 5):
 PSYoungGen      total 6656K, used 256K [0x00000000d5580000, 0x00000000d5d80000, 0x0000000100000000)
  eden space 6144K, 0% used [0x00000000d5580000,0x00000000d5580000,0x00000000d5b80000)
  from space 512K, 50% used [0x00000000d5d00000,0x00000000d5d40000,0x00000000d5d80000)
  to   space 512K, 0% used [0x00000000d5c80000,0x00000000d5c80000,0x00000000d5d00000)
 ParOldGen       total 857088K, used 486881K [0x0000000080000000, 0x00000000b4500000, 0x00000000d5580000)
  object space 857088K, 56% used [0x0000000080000000,0x000000009db78468,0x00000000b4500000)
 Metaspace       used 91688K, committed 93568K, reserved 1179648K
  class space    used 9355K, committed 10176K, reserved 1048576K
}
Event: 2492.050 GC heap before
{Heap before GC invocations=1888 (full 5):
 PSYoungGen      total 6656K, used 6374K [0x00000000d5580000, 0x00000000d5d80000, 0x0000000100000000)
  eden space 6144K, 99% used [0x00000000d5580000,0x00000000d5b79810,0x00000000d5b80000)
  from space 512K, 50% used [0x00000000d5d00000,0x00000000d5d40000,0x00000000d5d80000)
  to   space 512K, 0% used [0x00000000d5c80000,0x00000000d5c80000,0x00000000d5d00000)
 ParOldGen       total 857088K, used 486881K [0x0000000080000000, 0x00000000b4500000, 0x00000000d5580000)
  object space 857088K, 56% used [0x0000000080000000,0x000000009db78468,0x00000000b4500000)
 Metaspace       used 91768K, committed 93632K, reserved 1179648K
  class space    used 9366K, committed 10176K, reserved 1048576K
}
Event: 2492.061 GC heap after
{Heap after GC invocations=1888 (full 5):
 PSYoungGen      total 6656K, used 499K [0x00000000d5580000, 0x00000000d6080000, 0x0000000100000000)
  eden space 6144K, 0% used [0x00000000d5580000,0x00000000d5580000,0x00000000d5b80000)
  from space 512K, 97% used [0x00000000d5c80000,0x00000000d5cfcdf8,0x00000000d5d00000)
  to   space 2560K, 0% used [0x00000000d5e00000,0x00000000d5e00000,0x00000000d6080000)
 ParOldGen       total 857088K, used 488286K [0x0000000080000000, 0x00000000b4500000, 0x00000000d5580000)
  object space 857088K, 56% used [0x0000000080000000,0x000000009dcd7bd0,0x00000000b4500000)
 Metaspace       used 91768K, committed 93632K, reserved 1179648K
  class space    used 9366K, committed 10176K, reserved 1048576K
}
Event: 2492.467 GC heap before
{Heap before GC invocations=1889 (full 5):
 PSYoungGen      total 6656K, used 6632K [0x00000000d5580000, 0x00000000d6080000, 0x0000000100000000)
  eden space 6144K, 99% used [0x00000000d5580000,0x00000000d5b7d3a8,0x00000000d5b80000)
  from space 512K, 97% used [0x00000000d5c80000,0x00000000d5cfcdf8,0x00000000d5d00000)
  to   space 2560K, 0% used [0x00000000d5e00000,0x00000000d5e00000,0x00000000d6080000)
 ParOldGen       total 857088K, used 488286K [0x0000000080000000, 0x00000000b4500000, 0x00000000d5580000)
  object space 857088K, 56% used [0x0000000080000000,0x000000009dcd7bd0,0x00000000b4500000)
 Metaspace       used 91839K, committed 93760K, reserved 1179648K
  class space    used 9386K, committed 10240K, reserved 1048576K
}
Event: 2492.478 GC heap after
{Heap after GC invocations=1889 (full 5):
 PSYoungGen      total 5632K, used 2530K [0x00000000d5580000, 0x00000000d6680000, 0x0000000100000000)
  eden space 3072K, 0% used [0x00000000d5580000,0x00000000d5580000,0x00000000d5880000)
  from space 2560K, 98% used [0x00000000d5e00000,0x00000000d6078a18,0x00000000d6080000)
  to   space 5632K, 0% used [0x00000000d5880000,0x00000000d5880000,0x00000000d5e00000)
 ParOldGen       total 857088K, used 490538K [0x0000000080000000, 0x00000000b4500000, 0x00000000d5580000)
  object space 857088K, 57% used [0x0000000080000000,0x000000009df0a968,0x00000000b4500000)
 Metaspace       used 91839K, committed 93760K, reserved 1179648K
  class space    used 9386K, committed 10240K, reserved 1048576K
}
Event: 2495.810 GC heap before
{Heap before GC invocations=1890 (full 5):
 PSYoungGen      total 5632K, used 5602K [0x00000000d5580000, 0x00000000d6680000, 0x0000000100000000)
  eden space 3072K, 99% used [0x00000000d5580000,0x00000000d587fff0,0x00000000d5880000)
  from space 2560K, 98% used [0x00000000d5e00000,0x00000000d6078a18,0x00000000d6080000)
  to   space 5632K, 0% used [0x00000000d5880000,0x00000000d5880000,0x00000000d5e00000)
 ParOldGen       total 857088K, used 490538K [0x0000000080000000, 0x00000000b4500000, 0x00000000d5580000)
  object space 857088K, 57% used [0x0000000080000000,0x000000009df0a968,0x00000000b4500000)
 Metaspace       used 91845K, committed 93760K, reserved 1179648K
  class space    used 9387K, committed 10240K, reserved 1048576K
}
Event: 2495.815 GC heap after
{Heap after GC invocations=1890 (full 5):
 PSYoungGen      total 3584K, used 352K [0x00000000d5580000, 0x00000000d5e80000, 0x0000000100000000)
  eden space 3072K, 0% used [0x00000000d5580000,0x00000000d5580000,0x00000000d5880000)
  from space 512K, 68% used [0x00000000d5880000,0x00000000d58d8020,0x00000000d5900000)
  to   space 2048K, 0% used [0x00000000d5c80000,0x00000000d5c80000,0x00000000d5e80000)
 ParOldGen       total 857088K, used 490762K [0x0000000080000000, 0x00000000b4500000, 0x00000000d5580000)
  object space 857088K, 57% used [0x0000000080000000,0x000000009df42978,0x00000000b4500000)
 Metaspace       used 91845K, committed 93760K, reserved 1179648K
  class space    used 9387K, committed 10240K, reserved 1048576K
}
Event: 2496.036 GC heap before
{Heap before GC invocations=1891 (full 5):
 PSYoungGen      total 3584K, used 3424K [0x00000000d5580000, 0x00000000d5e80000, 0x0000000100000000)
  eden space 3072K, 100% used [0x00000000d5580000,0x00000000d5880000,0x00000000d5880000)
  from space 512K, 68% used [0x00000000d5880000,0x00000000d58d8020,0x00000000d5900000)
  to   space 2048K, 0% used [0x00000000d5c80000,0x00000000d5c80000,0x00000000d5e80000)
 ParOldGen       total 857088K, used 490762K [0x0000000080000000, 0x00000000b4500000, 0x00000000d5580000)
  object space 857088K, 57% used [0x0000000080000000,0x000000009df42978,0x00000000b4500000)
 Metaspace       used 91846K, committed 93760K, reserved 1179648K
  class space    used 9387K, committed 10240K, reserved 1048576K
}
Event: 2496.041 GC heap after
{Heap after GC invocations=1891 (full 5):
 PSYoungGen      total 4096K, used 608K [0x00000000d5580000, 0x00000000d5d80000, 0x0000000100000000)
  eden space 3072K, 0% used [0x00000000d5580000,0x00000000d5580000,0x00000000d5880000)
  from space 1024K, 59% used [0x00000000d5c80000,0x00000000d5d18000,0x00000000d5d80000)
  to   space 1024K, 0% used [0x00000000d5b80000,0x00000000d5b80000,0x00000000d5c80000)
 ParOldGen       total 857088K, used 491030K [0x0000000080000000, 0x00000000b4500000, 0x00000000d5580000)
  object space 857088K, 57% used [0x0000000080000000,0x000000009df85b98,0x00000000b4500000)
 Metaspace       used 91846K, committed 93760K, reserved 1179648K
  class space    used 9387K, committed 10240K, reserved 1048576K
}
Event: 2496.182 GC heap before
{Heap before GC invocations=1892 (full 5):
 PSYoungGen      total 4096K, used 3679K [0x00000000d5580000, 0x00000000d5d80000, 0x0000000100000000)
  eden space 3072K, 99% used [0x00000000d5580000,0x00000000d587fff8,0x00000000d5880000)
  from space 1024K, 59% used [0x00000000d5c80000,0x00000000d5d18000,0x00000000d5d80000)
  to   space 1024K, 0% used [0x00000000d5b80000,0x00000000d5b80000,0x00000000d5c80000)
 ParOldGen       total 857088K, used 491030K [0x0000000080000000, 0x00000000b4500000, 0x00000000d5580000)
  object space 857088K, 57% used [0x0000000080000000,0x000000009df85b98,0x00000000b4500000)
 Metaspace       used 91846K, committed 93760K, reserved 1179648K
  class space    used 9387K, committed 10240K, reserved 1048576K
}
Event: 2496.190 GC heap after
{Heap after GC invocations=1892 (full 5):
 PSYoungGen      total 4096K, used 698K [0x00000000d5580000, 0x00000000d5d00000, 0x0000000100000000)
  eden space 3072K, 0% used [0x00000000d5580000,0x00000000d5580000,0x00000000d5880000)
  from space 1024K, 68% used [0x00000000d5b80000,0x00000000d5c2e900,0x00000000d5c80000)
  to   space 512K, 0% used [0x00000000d5c80000,0x00000000d5c80000,0x00000000d5d00000)
 ParOldGen       total 857088K, used 491590K [0x0000000080000000, 0x00000000b4500000, 0x00000000d5580000)
  object space 857088K, 57% used [0x0000000080000000,0x000000009e011ba8,0x00000000b4500000)
 Metaspace       used 91846K, committed 93760K, reserved 1179648K
  class space    used 9387K, committed 10240K, reserved 1048576K
}
Event: 2496.201 GC heap before
{Heap before GC invocations=1893 (full 5):
 PSYoungGen      total 4096K, used 3770K [0x00000000d5580000, 0x00000000d5d00000, 0x0000000100000000)
  eden space 3072K, 99% used [0x00000000d5580000,0x00000000d587fff8,0x00000000d5880000)
  from space 1024K, 68% used [0x00000000d5b80000,0x00000000d5c2e900,0x00000000d5c80000)
  to   space 512K, 0% used [0x00000000d5c80000,0x00000000d5c80000,0x00000000d5d00000)
 ParOldGen       total 857088K, used 491590K [0x0000000080000000, 0x00000000b4500000, 0x00000000d5580000)
  object space 857088K, 57% used [0x0000000080000000,0x000000009e011ba8,0x00000000b4500000)
 Metaspace       used 91846K, committed 93760K, reserved 1179648K
  class space    used 9387K, committed 10240K, reserved 1048576K
}
Event: 2496.204 GC heap after
{Heap after GC invocations=1893 (full 5):
 PSYoungGen      total 3584K, used 506K [0x00000000d5580000, 0x00000000d5d00000, 0x0000000100000000)
  eden space 3072K, 0% used [0x00000000d5580000,0x00000000d5580000,0x00000000d5880000)
  from space 512K, 98% used [0x00000000d5c80000,0x00000000d5cfe900,0x00000000d5d00000)
  to   space 1024K, 0% used [0x00000000d5b00000,0x00000000d5b00000,0x00000000d5c00000)
 ParOldGen       total 857088K, used 491654K [0x0000000080000000, 0x00000000b4500000, 0x00000000d5580000)
  object space 857088K, 57% used [0x0000000080000000,0x000000009e021ba8,0x00000000b4500000)
 Metaspace       used 91846K, committed 93760K, reserved 1179648K
  class space    used 9387K, committed 10240K, reserved 1048576K
}
Event: 2497.024 GC heap before
{Heap before GC invocations=1894 (full 5):
 PSYoungGen      total 3584K, used 3568K [0x00000000d5580000, 0x00000000d5d00000, 0x0000000100000000)
  eden space 3072K, 99% used [0x00000000d5580000,0x00000000d587d738,0x00000000d5880000)
  from space 512K, 98% used [0x00000000d5c80000,0x00000000d5cfe900,0x00000000d5d00000)
  to   space 1024K, 0% used [0x00000000d5b00000,0x00000000d5b00000,0x00000000d5c00000)
 ParOldGen       total 857088K, used 491654K [0x0000000080000000, 0x00000000b4500000, 0x00000000d5580000)
  object space 857088K, 57% used [0x0000000080000000,0x000000009e021ba8,0x00000000b4500000)
 Metaspace       used 91850K, committed 93760K, reserved 1179648K
  class space    used 9387K, committed 10240K, reserved 1048576K
}
Event: 2497.027 GC heap after
{Heap after GC invocations=1894 (full 5):
 PSYoungGen      total 4096K, used 320K [0x00000000d5580000, 0x00000000d5d00000, 0x0000000100000000)
  eden space 3072K, 0% used [0x00000000d5580000,0x00000000d5580000,0x00000000d5880000)
  from space 1024K, 31% used [0x00000000d5b00000,0x00000000d5b50000,0x00000000d5c00000)
  to   space 512K, 0% used [0x00000000d5c80000,0x00000000d5c80000,0x00000000d5d00000)
 ParOldGen       total 857088K, used 492163K [0x0000000080000000, 0x00000000b4500000, 0x00000000d5580000)
  object space 857088K, 57% used [0x0000000080000000,0x000000009e0a0db8,0x00000000b4500000)
 Metaspace       used 91850K, committed 93760K, reserved 1179648K
  class space    used 9387K, committed 10240K, reserved 1048576K
}
Event: 2497.044 GC heap before
{Heap before GC invocations=1895 (full 5):
 PSYoungGen      total 4096K, used 3392K [0x00000000d5580000, 0x00000000d5d00000, 0x0000000100000000)
  eden space 3072K, 100% used [0x00000000d5580000,0x00000000d5880000,0x00000000d5880000)
  from space 1024K, 31% used [0x00000000d5b00000,0x00000000d5b50000,0x00000000d5c00000)
  to   space 512K, 0% used [0x00000000d5c80000,0x00000000d5c80000,0x00000000d5d00000)
 ParOldGen       total 857088K, used 492163K [0x0000000080000000, 0x00000000b4500000, 0x00000000d5580000)
  object space 857088K, 57% used [0x0000000080000000,0x000000009e0a0db8,0x00000000b4500000)
 Metaspace       used 91850K, committed 93760K, reserved 1179648K
  class space    used 9387K, committed 10240K, reserved 1048576K
}
Event: 2497.046 GC heap after
{Heap after GC invocations=1895 (full 5):
 PSYoungGen      total 3584K, used 356K [0x00000000d5580000, 0x00000000d5d00000, 0x0000000100000000)
  eden space 3072K, 0% used [0x00000000d5580000,0x00000000d5580000,0x00000000d5880000)
  from space 512K, 69% used [0x00000000d5c80000,0x00000000d5cd9240,0x00000000d5d00000)
  to   space 512K, 0% used [0x00000000d5c00000,0x00000000d5c00000,0x00000000d5c80000)
 ParOldGen       total 857088K, used 492423K [0x0000000080000000, 0x00000000b4500000, 0x00000000d5580000)
  object space 857088K, 57% used [0x0000000080000000,0x000000009e0e1dd8,0x00000000b4500000)
 Metaspace       used 91850K, committed 93760K, reserved 1179648K
  class space    used 9387K, committed 10240K, reserved 1048576K
}
Event: 2497.141 GC heap before
{Heap before GC invocations=1896 (full 5):
 PSYoungGen      total 3584K, used 3428K [0x00000000d5580000, 0x00000000d5d00000, 0x0000000100000000)
  eden space 3072K, 100% used [0x00000000d5580000,0x00000000d5880000,0x00000000d5880000)
  from space 512K, 69% used [0x00000000d5c80000,0x00000000d5cd9240,0x00000000d5d00000)
  to   space 512K, 0% used [0x00000000d5c00000,0x00000000d5c00000,0x00000000d5c80000)
 ParOldGen       total 857088K, used 492423K [0x0000000080000000, 0x00000000b4500000, 0x00000000d5580000)
  object space 857088K, 57% used [0x0000000080000000,0x000000009e0e1dd8,0x00000000b4500000)
 Metaspace       used 91859K, committed 93760K, reserved 1179648K
  class space    used 9387K, committed 10240K, reserved 1048576K
}
Event: 2497.144 GC heap after
{Heap after GC invocations=1896 (full 5):
 PSYoungGen      total 3584K, used 192K [0x00000000d5580000, 0x00000000d5d00000, 0x0000000100000000)
  eden space 3072K, 0% used [0x00000000d5580000,0x00000000d5580000,0x00000000d5880000)
  from space 512K, 37% used [0x00000000d5c00000,0x00000000d5c30000,0x00000000d5c80000)
  to   space 512K, 0% used [0x00000000d5c80000,0x00000000d5c80000,0x00000000d5d00000)
 ParOldGen       total 857088K, used 492455K [0x0000000080000000, 0x00000000b4500000, 0x00000000d5580000)
  object space 857088K, 57% used [0x0000000080000000,0x000000009e0e9dd8,0x00000000b4500000)
 Metaspace       used 91859K, committed 93760K, reserved 1179648K
  class space    used 9387K, committed 10240K, reserved 1048576K
}

